{
  message: "Cannot access 'product' before initialization",
  level: 'error',
  service: 'error',
  label: 'backend-service',
  timestamp: '2025-11-20T09:37:46.631Z'
}
{
  message: "Cannot read properties of undefined (reading 'findAll')",
  level: 'error',
  service: 'error',
  label: 'backend-service',
  timestamp: '2025-11-20T09:38:12.137Z'
}
{
  message: "Cannot read properties of undefined (reading 'findAll')",
  level: 'error',
  service: 'error',
  label: 'backend-service',
  timestamp: '2025-11-20T09:48:18.352Z'
}
{
  message: "Cannot read properties of undefined (reading 'findAll')",
  level: 'error',
  service: 'error',
  label: 'backend-service',
  timestamp: '2025-11-20T09:48:20.568Z'
}
{
  message: 'column "created_at" does not exist',
  level: 'error',
  service: 'error',
  label: 'backend-service',
  timestamp: '2025-11-20T09:48:35.122Z'
}
{
  message: "Cannot read properties of undefined (reading 'findAll')",
  level: 'error',
  service: 'error',
  label: 'backend-service',
  timestamp: '2025-11-20T10:38:07.000Z'
}
{
  message: "Cannot read properties of undefined (reading 'findAll')",
  level: 'error',
  service: 'error',
  label: 'backend-service',
  timestamp: '2025-11-20T10:38:08.970Z'
}
